<?xml version="1.0" encoding="UTF-8"?>
<testsuite xmlns:xsi="http://www.w3.org/2001/XMLSchema-instance" xsi:noNamespaceSchemaLocation="https://maven.apache.org/surefire/maven-surefire-plugin/xsd/surefire-test-report-3.0.xsd" version="3.0" name="com.example.controller.IMCControllerTest" time="0.119" tests="17" errors="0" skipped="0" failures="0">
  <properties>
[...]
</properties>
  <testcase name="T14_F_27_3_AcimaDoPesoIdeal" classname="com.example.controller.IMCControllerTest" time="0.057"/>
  <testcase name="T5_M_27_7_MarginalmenteAcima" classname="com.example.controller.IMCControllerTest" time="0.007"/>
  <testcase name="T13_F_27_2_MarginalmenteAcima" classname="com.example.controller.IMCControllerTest" time="0.002"/>
  <testcase name="T9_M_19_0_AbaixoDoPeso" classname="com.example.controller.IMCControllerTest" time="0.001"/>
  <testcase name="T17_X_1_Invalido" classname="com.example.controller.IMCControllerTest" time="0.001"/>
  <testcase name="T16_F_32_3_Obeso" classname="com.example.controller.IMCControllerTest" time="0.001"/>
  <testcase name="T15_F_32_2_AcimaDoPesoIdeal" classname="com.example.controller.IMCControllerTest" time="0.0"/>
  <testcase name="T12_F_25_8_MarginalmenteAcima" classname="com.example.controller.IMCControllerTest" time="0.001"/>
  <testcase name="T7_M_31_0_AcimaDoPesoIdeal" classname="com.example.controller.IMCControllerTest" time="0.001"/>
  <testcase name="T6_M_27_8_AcimaDoPesoIdeal" classname="com.example.controller.IMCControllerTest" time="0.002"/>
  <testcase name="T11_F_25_7_PesoNormal" classname="com.example.controller.IMCControllerTest" time="0.001"/>
  <testcase name="T1_M_20_6_AbaixoDoPeso" classname="com.example.controller.IMCControllerTest" time="0.001"/>
  <testcase name="T8_M_31_1_Obeso" classname="com.example.controller.IMCControllerTest" time="0.001"/>
  <testcase name="T3_M_26_3_PesoNormal" classname="com.example.controller.IMCControllerTest" time="0.0"/>
  <testcase name="T2_M_20_7_PesoNormal" classname="com.example.controller.IMCControllerTest" time="0.001"/>
  <testcase name="T10_F_19_1_PesoNormal" classname="com.example.controller.IMCControllerTest" time="0.001"/>
  <testcase name="T4_M_26_4_MarginalmenteAcima" classname="com.example.controller.IMCControllerTest" time="0.001"/>
</testsuite>